src/components/Browser/BrowserPanel.tsx(3,43): error TS6133: 'X' is declared but its value is never read.
src/components/Browser/BrowserPanel.tsx(4,17): error TS6133: 'Search' is declared but its value is never read.
src/components/Browser/BrowserPanel.tsx(4,25): error TS6133: 'Maximize2' is declared but its value is never read.
src/components/Browser/BrowserPanel.tsx(4,36): error TS6133: 'Minimize2' is declared but its value is never read.
src/components/Browser/BrowserPanel.tsx(13,61): error TS6133: 'onClose' is declared but its value is never read.
src/components/Chat/ChatPanel.tsx(2,10): error TS6133: 'sanitizeHTML' is declared but its value is never read.
src/components/Chat/ChatPanel.tsx(3,10): error TS6133: 'stripToolArtifacts' is declared but its value is never read.
src/components/Chat/ChatPanel.tsx(5,3): error TS6133: 'Send' is declared but its value is never read.
src/components/Chat/ChatPanel.tsx(8,23): error TS6133: 'ImageIcon' is declared but its value is never read.
src/components/Chat/ChatPanel.tsx(160,10): error TS6133: 'showThinking' is declared but its value is never read.
src/components/Chat/ChatPanel.tsx(160,24): error TS6133: 'setShowThinking' is declared but its value is never read.
src/components/Chat/ChatPanel.tsx(213,9): error TS6133: 'chatPanelRef' is declared but its value is never read.
src/components/Chat/ChatPanel.tsx(1304,9): error TS6133: 'executeToolCall' is declared but its value is never read.
src/components/Chat/ChatPanel.tsx(1332,11): error TS6133: 'hasResults' is declared but its value is never read.
src/components/Chat/ChatPanel.tsx(1448,11): error TS6133: 'hasResults' is declared but its value is never read.
src/components/Debug/DebugPanel.tsx(5,3): error TS6133: 'Circle' is declared but its value is never read.
src/components/Debug/DebugPanel.tsx(19,38): error TS6133: 'onClose' is declared but its value is never read.
src/components/Debug/DebugPanel.tsx(33,23): error TS6133: 'setBreakpoints' is declared but its value is never read.
src/components/Editor/Editor.tsx(2,70): error TS6133: 'Square' is declared but its value is never read.
src/components/Editor/Editor.tsx(11,26): error TS6133: 'isXmlFile' is declared but its value is never read.
src/components/Editor/Editor.tsx(11,37): error TS6133: 'isYamlFile' is declared but its value is never read.
src/components/Editor/Editor.tsx(11,49): error TS6133: 'isTomlFile' is declared but its value is never read.
src/components/Editor/Editor.tsx(163,17): error TS6133: 'stats' is declared but its value is never read.
src/components/Editor/InlineChat.tsx(19,10): error TS6133: 'result' is declared but its value is never read.
src/components/Editor/MonacoEditor.tsx(1,36): error TS6133: 'useCallback' is declared but its value is never read.
src/components/Editor/MonacoEditor.tsx(383,9): error TS6133: 'pendingSuggestionCancel' is declared but its value is never read.
src/components/Editor/Previews.tsx(48,83): error TS6133: 'filePath' is declared but its value is never read.
src/components/Editor/TabBar.tsx(1,35): error TS6133: 'useEffect' is declared but its value is never read.
src/components/FileExplorer/FileIcon.tsx(42,75): error TS6133: 'isOpen' is declared but its value is never read.
src/components/FileExplorer/FileNode.tsx(4,26): error TS6133: 'formatDate' is declared but its value is never read.
src/components/FileExplorer/FileTree.tsx(34,18): error TS6133: 'setFilter' is declared but its value is never read.
src/components/FileManagement/FileManagementPanel.tsx(2,40): error TS6133: 'Trash2' is declared but its value is never read.
src/components/FileManagement/FileManagementPanel.tsx(48,54): error TS6133: 'resolution' is declared but its value is never read.
src/components/Layout/Layout.tsx(33,10): error TS6133: 'editorHasOpenTabs' is declared but its value is never read.
src/components/Layout/MenuBar.tsx(1,46): error TS6133: 'useCallback' is declared but its value is never read.
src/components/Layout/StatusBar.tsx(4,3): error TS6133: 'Cpu' is declared but its value is never read.
src/components/Layout/StatusBar.tsx(4,8): error TS6133: 'MemoryStick' is declared but its value is never read.
src/components/Layout/StatusBar.tsx(4,21): error TS6133: 'Monitor' is declared but its value is never read.
src/components/Layout/StatusBar.tsx(173,9): error TS6133: 'getEncoding' is declared but its value is never read.
src/components/Layout/StatusBar.tsx(174,9): error TS6133: 'getEol' is declared but its value is never read.
src/components/TaskQueue/TaskCreator.tsx(2,13): error TS6133: 'Plus' is declared but its value is never read.
src/components/TaskQueue/TaskQueuePanel.tsx(7,3): error TS6133: 'Trash2' is declared but its value is never read.
src/components/TaskQueue/TaskQueuePanel.tsx(30,16): error TS6133: 'setSort' is declared but its value is never read.
src/components/TaskQueue/TaskQueuePanel.tsx(90,9): error TS6133: 'handleCreateTask' is declared but its value is never read.
src/components/Terminal/TerminalPanel.tsx(27,10): error TS6133: 'currentInput' is declared but its value is never read.
src/config/llm.ts(124,21): error TS6133: 'params' is declared but its value is never read.
src/config/llm.ts(124,34): error TS6133: 'context' is declared but its value is never read.
src/config/llm.ts(134,21): error TS6133: 'params' is declared but its value is never read.
src/config/llm.ts(134,34): error TS6133: 'context' is declared but its value is never read.
src/config/llm.ts(143,21): error TS6133: 'params' is declared but its value is never read.
src/config/llm.ts(143,34): error TS6133: 'context' is declared but its value is never read.
src/config/llm.ts(152,21): error TS6133: 'params' is declared but its value is never read.
src/config/llm.ts(152,34): error TS6133: 'context' is declared but its value is never read.
src/config/llm.ts(161,21): error TS6133: 'params' is declared but its value is never read.
src/config/llm.ts(161,34): error TS6133: 'context' is declared but its value is never read.
src/config/llm.ts(170,21): error TS6133: 'params' is declared but its value is never read.
src/config/llm.ts(170,34): error TS6133: 'context' is declared but its value is never read.
src/config/llm.ts(179,21): error TS6133: 'params' is declared but its value is never read.
src/config/llm.ts(179,34): error TS6133: 'context' is declared but its value is never read.
src/config/llm.ts(188,21): error TS6133: 'params' is declared but its value is never read.
src/config/llm.ts(188,34): error TS6133: 'context' is declared but its value is never read.
src/services/fileManagementService.ts(65,11): error TS6133: 'watcherEvents' is declared but its value is never read.
src/services/fileManagementService.ts(66,11): error TS6133: 'batchOperations' is declared but its value is never read.
src/services/fileManagementService.ts(524,13): error TS6133: 'currentContent' is declared but its value is never read.
src/services/fileManagementService.ts(599,19): error TS6133: 'filePath' is declared but its value is never read.
src/services/fileSystem.ts(2,37): error TS6133: 'shouldIgnoreFile' is declared but its value is never read.
src/services/fileSystem.ts(2,55): error TS6133: 'debounce' is declared but its value is never read.
src/services/fileSystem.ts(196,51): error TS6133: 'file' is declared but its value is never read.
src/services/fileSystem.ts(327,11): error TS6133: 'emit' is declared but its value is never read.
src/services/llmService.ts(15,28): error TS6133: 'getModelConfig' is declared but its value is never read.
src/services/taskQueueService.ts(50,1): error TS6133: 'editorService' is declared but its value is never read.
src/services/taskQueueService.ts(365,11): error TS6133: 'startTime' is declared but its value is never read.
src/services/taskQueueService.ts(502,36): error TS6133: 'task' is declared but its value is never read.
src/services/taskQueueService.ts(502,48): error TS6133: 'execution' is declared but its value is never read.
src/services/taskQueueService.ts(512,32): error TS6133: 'task' is declared but its value is never read.
src/services/taskQueueService.ts(512,44): error TS6133: 'execution' is declared but its value is never read.
src/services/taskQueueService.ts(522,38): error TS6133: 'task' is declared but its value is never read.
src/services/taskQueueService.ts(522,50): error TS6133: 'execution' is declared but its value is never read.
src/services/taskQueueService.ts(532,32): error TS6133: 'task' is declared but its value is never read.
src/services/taskQueueService.ts(532,44): error TS6133: 'execution' is declared but its value is never read.
src/services/taskQueueService.ts(542,35): error TS6133: 'task' is declared but its value is never read.
src/services/taskQueueService.ts(542,47): error TS6133: 'execution' is declared but its value is never read.
src/services/taskQueueService.ts(552,50): error TS6133: 'execution' is declared but its value is never read.
src/services/taskQueueService.ts(602,40): error TS6133: 'task' is declared but its value is never read.
src/services/taskQueueService.ts(602,52): error TS6133: 'execution' is declared but its value is never read.
src/services/taskQueueService.ts(637,32): error TS6133: 'task' is declared but its value is never read.
src/utils/helpers.ts(144,45): error TS6133: 'parentPath' is declared but its value is never read.
